<?xml version="1.0" encoding="utf-8"?><testsuites><testsuite name="pytest" errors="0" failures="0" skipped="2" tests="5" time="0.125" timestamp="2021-04-07T16:09:28.562304" hostname="intropy200615"><testcase classname="test_skip" name="test_one" time="0.002" /><testcase classname="test_skip" name="test_two" time="0.001"><skipped type="pytest.skip" message="can not currently test">C:\Users\student\Desktop\py3interm\EXAMPLES\pytests\test_skip.py:8: can not currently test</skipped></testcase><testcase classname="test_skip" name="test_three" time="0.002" /><testcase classname="test_skip" name="test_four" time="0.001" /><testcase classname="test_skip" name="test_five" time="0.002"><skipped type="pytest.xfail" message="" /></testcase></testsuite></testsuites>